<?xml version="1.0" encoding="UTF-8"?>
<testsuite xmlns:xsi="http://www.w3.org/2001/XMLSchema-instance" xsi:noNamespaceSchemaLocation="https://maven.apache.org/surefire/maven-surefire-plugin/xsd/surefire-test-report-3.0.xsd" version="3.0" name="com.trainingdev.td_bs_management_notification.TdBsManagementNotificationApplicationTests" time="0.023" tests="1" errors="0" skipped="0" failures="0">
  <properties>
    <property name="java.specification.version" value="17"/>
    <property name="sun.cpu.isalist" value="amd64"/>
    <property name="sun.jnu.encoding" value="Cp1252"/>
    <property name="java.class.path" value="C:\SANTIAGO_LOZANO\TraningDev\TraningDev Project\td-bs-management-notification\target\test-classes;C:\SANTIAGO_LOZANO\TraningDev\TraningDev Project\td-bs-management-notification\target\classes;C:\Users\santiago.lozanomurci\.m2\repository\org\springframework\boot\spring-boot-starter-data-jpa\3.3.1\spring-boot-starter-data-jpa-3.3.1.jar;C:\Users\santiago.lozanomurci\.m2\repository\org\springframework\boot\spring-boot-starter-aop\3.3.1\spring-boot-starter-aop-3.3.1.jar;C:\Users\santiago.lozanomurci\.m2\repository\org\springframework\spring-aop\6.1.10\spring-aop-6.1.10.jar;C:\Users\santiago.lozanomurci\.m2\repository\org\aspectj\aspectjweaver\1.9.22\aspectjweaver-1.9.22.jar;C:\Users\santiago.lozanomurci\.m2\repository\org\springframework\boot\spring-boot-starter-jdbc\3.3.1\spring-boot-starter-jdbc-3.3.1.jar;C:\Users\santiago.lozanomurci\.m2\repository\com\zaxxer\HikariCP\5.1.0\HikariCP-5.1.0.jar;C:\Users\santiago.lozanomurci\.m2\repository\org\springframework\spring-jdbc\6.1.10\spring-jdbc-6.1.10.jar;C:\Users\santiago.lozanomurci\.m2\repository\org\hibernate\orm\hibernate-core\6.5.2.Final\hibernate-core-6.5.2.Final.jar;C:\Users\santiago.lozanomurci\.m2\repository\jakarta\persistence\jakarta.persistence-api\3.1.0\jakarta.persistence-api-3.1.0.jar;C:\Users\santiago.lozanomurci\.m2\repository\jakarta\transaction\jakarta.transaction-api\2.0.1\jakarta.transaction-api-2.0.1.jar;C:\Users\santiago.lozanomurci\.m2\repository\org\jboss\logging\jboss-logging\3.5.3.Final\jboss-logging-3.5.3.Final.jar;C:\Users\santiago.lozanomurci\.m2\repository\org\hibernate\common\hibernate-commons-annotations\6.0.6.Final\hibernate-commons-annotations-6.0.6.Final.jar;C:\Users\santiago.lozanomurci\.m2\repository\io\smallrye\jandex\3.1.2\jandex-3.1.2.jar;C:\Users\santiago.lozanomurci\.m2\repository\com\fasterxml\classmate\1.7.0\classmate-1.7.0.jar;C:\Users\santiago.lozanomurci\.m2\repository\net\bytebuddy\byte-buddy\1.14.17\byte-buddy-1.14.17.jar;C:\Users\santiago.lozanomurci\.m2\repository\org\glassfish\jaxb\jaxb-runtime\4.0.5\jaxb-runtime-4.0.5.jar;C:\Users\santiago.lozanomurci\.m2\repository\org\glassfish\jaxb\jaxb-core\4.0.5\jaxb-core-4.0.5.jar;C:\Users\santiago.lozanomurci\.m2\repository\org\eclipse\angus\angus-activation\2.0.2\angus-activation-2.0.2.jar;C:\Users\santiago.lozanomurci\.m2\repository\org\glassfish\jaxb\txw2\4.0.5\txw2-4.0.5.jar;C:\Users\santiago.lozanomurci\.m2\repository\com\sun\istack\istack-commons-runtime\4.1.2\istack-commons-runtime-4.1.2.jar;C:\Users\santiago.lozanomurci\.m2\repository\jakarta\inject\jakarta.inject-api\2.0.1\jakarta.inject-api-2.0.1.jar;C:\Users\santiago.lozanomurci\.m2\repository\org\antlr\antlr4-runtime\4.13.0\antlr4-runtime-4.13.0.jar;C:\Users\santiago.lozanomurci\.m2\repository\org\springframework\data\spring-data-jpa\3.3.1\spring-data-jpa-3.3.1.jar;C:\Users\santiago.lozanomurci\.m2\repository\org\springframework\data\spring-data-commons\3.3.1\spring-data-commons-3.3.1.jar;C:\Users\santiago.lozanomurci\.m2\repository\org\springframework\spring-orm\6.1.10\spring-orm-6.1.10.jar;C:\Users\santiago.lozanomurci\.m2\repository\org\springframework\spring-context\6.1.10\spring-context-6.1.10.jar;C:\Users\santiago.lozanomurci\.m2\repository\org\springframework\spring-tx\6.1.10\spring-tx-6.1.10.jar;C:\Users\santiago.lozanomurci\.m2\repository\org\springframework\spring-beans\6.1.10\spring-beans-6.1.10.jar;C:\Users\santiago.lozanomurci\.m2\repository\jakarta\annotation\jakarta.annotation-api\2.1.1\jakarta.annotation-api-2.1.1.jar;C:\Users\santiago.lozanomurci\.m2\repository\org\slf4j\slf4j-api\2.0.13\slf4j-api-2.0.13.jar;C:\Users\santiago.lozanomurci\.m2\repository\org\springframework\spring-aspects\6.1.10\spring-aspects-6.1.10.jar;C:\Users\santiago.lozanomurci\.m2\repository\org\springframework\boot\spring-boot-starter-validation\3.3.1\spring-boot-starter-validation-3.3.1.jar;C:\Users\santiago.lozanomurci\.m2\repository\org\springframework\boot\spring-boot-starter\3.3.1\spring-boot-starter-3.3.1.jar;C:\Users\santiago.lozanomurci\.m2\repository\org\springframework\boot\spring-boot\3.3.1\spring-boot-3.3.1.jar;C:\Users\santiago.lozanomurci\.m2\repository\org\springframework\boot\spring-boot-autoconfigure\3.3.1\spring-boot-autoconfigure-3.3.1.jar;C:\Users\santiago.lozanomurci\.m2\repository\org\springframework\boot\spring-boot-starter-logging\3.3.1\spring-boot-starter-logging-3.3.1.jar;C:\Users\santiago.lozanomurci\.m2\repository\ch\qos\logback\logback-classic\1.5.6\logback-classic-1.5.6.jar;C:\Users\santiago.lozanomurci\.m2\repository\ch\qos\logback\logback-core\1.5.6\logback-core-1.5.6.jar;C:\Users\santiago.lozanomurci\.m2\repository\org\apache\logging\log4j\log4j-to-slf4j\2.23.1\log4j-to-slf4j-2.23.1.jar;C:\Users\santiago.lozanomurci\.m2\repository\org\apache\logging\log4j\log4j-api\2.23.1\log4j-api-2.23.1.jar;C:\Users\santiago.lozanomurci\.m2\repository\org\slf4j\jul-to-slf4j\2.0.13\jul-to-slf4j-2.0.13.jar;C:\Users\santiago.lozanomurci\.m2\repository\org\yaml\snakeyaml\2.2\snakeyaml-2.2.jar;C:\Users\santiago.lozanomurci\.m2\repository\org\apache\tomcat\embed\tomcat-embed-el\10.1.25\tomcat-embed-el-10.1.25.jar;C:\Users\santiago.lozanomurci\.m2\repository\org\hibernate\validator\hibernate-validator\8.0.1.Final\hibernate-validator-8.0.1.Final.jar;C:\Users\santiago.lozanomurci\.m2\repository\jakarta\validation\jakarta.validation-api\3.0.2\jakarta.validation-api-3.0.2.jar;C:\Users\santiago.lozanomurci\.m2\repository\org\springframework\boot\spring-boot-starter-web\3.3.1\spring-boot-starter-web-3.3.1.jar;C:\Users\santiago.lozanomurci\.m2\repository\org\springframework\boot\spring-boot-starter-json\3.3.1\spring-boot-starter-json-3.3.1.jar;C:\Users\santiago.lozanomurci\.m2\repository\com\fasterxml\jackson\core\jackson-databind\2.17.1\jackson-databind-2.17.1.jar;C:\Users\santiago.lozanomurci\.m2\repository\com\fasterxml\jackson\core\jackson-annotations\2.17.1\jackson-annotations-2.17.1.jar;C:\Users\santiago.lozanomurci\.m2\repository\com\fasterxml\jackson\core\jackson-core\2.17.1\jackson-core-2.17.1.jar;C:\Users\santiago.lozanomurci\.m2\repository\com\fasterxml\jackson\datatype\jackson-datatype-jdk8\2.17.1\jackson-datatype-jdk8-2.17.1.jar;C:\Users\santiago.lozanomurci\.m2\repository\com\fasterxml\jackson\datatype\jackson-datatype-jsr310\2.17.1\jackson-datatype-jsr310-2.17.1.jar;C:\Users\santiago.lozanomurci\.m2\repository\com\fasterxml\jackson\module\jackson-module-parameter-names\2.17.1\jackson-module-parameter-names-2.17.1.jar;C:\Users\santiago.lozanomurci\.m2\repository\org\springframework\boot\spring-boot-starter-tomcat\3.3.1\spring-boot-starter-tomcat-3.3.1.jar;C:\Users\santiago.lozanomurci\.m2\repository\org\apache\tomcat\embed\tomcat-embed-core\10.1.25\tomcat-embed-core-10.1.25.jar;C:\Users\santiago.lozanomurci\.m2\repository\org\apache\tomcat\embed\tomcat-embed-websocket\10.1.25\tomcat-embed-websocket-10.1.25.jar;C:\Users\santiago.lozanomurci\.m2\repository\org\springframework\spring-web\6.1.10\spring-web-6.1.10.jar;C:\Users\santiago.lozanomurci\.m2\repository\io\micrometer\micrometer-observation\1.13.1\micrometer-observation-1.13.1.jar;C:\Users\santiago.lozanomurci\.m2\repository\io\micrometer\micrometer-commons\1.13.1\micrometer-commons-1.13.1.jar;C:\Users\santiago.lozanomurci\.m2\repository\org\springframework\spring-webmvc\6.1.10\spring-webmvc-6.1.10.jar;C:\Users\santiago.lozanomurci\.m2\repository\org\springframework\spring-expression\6.1.10\spring-expression-6.1.10.jar;C:\Users\santiago.lozanomurci\.m2\repository\com\h2database\h2\2.2.224\h2-2.2.224.jar;C:\Users\santiago.lozanomurci\.m2\repository\org\projectlombok\lombok\1.18.32\lombok-1.18.32.jar;C:\Users\santiago.lozanomurci\.m2\repository\org\springframework\boot\spring-boot-starter-test\3.3.1\spring-boot-starter-test-3.3.1.jar;C:\Users\santiago.lozanomurci\.m2\repository\org\springframework\boot\spring-boot-test\3.3.1\spring-boot-test-3.3.1.jar;C:\Users\santiago.lozanomurci\.m2\repository\org\springframework\boot\spring-boot-test-autoconfigure\3.3.1\spring-boot-test-autoconfigure-3.3.1.jar;C:\Users\santiago.lozanomurci\.m2\repository\com\jayway\jsonpath\json-path\2.9.0\json-path-2.9.0.jar;C:\Users\santiago.lozanomurci\.m2\repository\jakarta\xml\bind\jakarta.xml.bind-api\4.0.2\jakarta.xml.bind-api-4.0.2.jar;C:\Users\santiago.lozanomurci\.m2\repository\jakarta\activation\jakarta.activation-api\2.1.3\jakarta.activation-api-2.1.3.jar;C:\Users\santiago.lozanomurci\.m2\repository\net\minidev\json-smart\2.5.1\json-smart-2.5.1.jar;C:\Users\santiago.lozanomurci\.m2\repository\net\minidev\accessors-smart\2.5.1\accessors-smart-2.5.1.jar;C:\Users\santiago.lozanomurci\.m2\repository\org\ow2\asm\asm\9.6\asm-9.6.jar;C:\Users\santiago.lozanomurci\.m2\repository\org\assertj\assertj-core\3.25.3\assertj-core-3.25.3.jar;C:\Users\santiago.lozanomurci\.m2\repository\org\awaitility\awaitility\4.2.1\awaitility-4.2.1.jar;C:\Users\santiago.lozanomurci\.m2\repository\org\hamcrest\hamcrest\2.2\hamcrest-2.2.jar;C:\Users\santiago.lozanomurci\.m2\repository\org\junit\jupiter\junit-jupiter\5.10.2\junit-jupiter-5.10.2.jar;C:\Users\santiago.lozanomurci\.m2\repository\org\junit\jupiter\junit-jupiter-api\5.10.2\junit-jupiter-api-5.10.2.jar;C:\Users\santiago.lozanomurci\.m2\repository\org\opentest4j\opentest4j\1.3.0\opentest4j-1.3.0.jar;C:\Users\santiago.lozanomurci\.m2\repository\org\junit\platform\junit-platform-commons\1.10.2\junit-platform-commons-1.10.2.jar;C:\Users\santiago.lozanomurci\.m2\repository\org\apiguardian\apiguardian-api\1.1.2\apiguardian-api-1.1.2.jar;C:\Users\santiago.lozanomurci\.m2\repository\org\junit\jupiter\junit-jupiter-params\5.10.2\junit-jupiter-params-5.10.2.jar;C:\Users\santiago.lozanomurci\.m2\repository\org\junit\jupiter\junit-jupiter-engine\5.10.2\junit-jupiter-engine-5.10.2.jar;C:\Users\santiago.lozanomurci\.m2\repository\org\junit\platform\junit-platform-engine\1.10.2\junit-platform-engine-1.10.2.jar;C:\Users\santiago.lozanomurci\.m2\repository\org\mockito\mockito-core\5.11.0\mockito-core-5.11.0.jar;C:\Users\santiago.lozanomurci\.m2\repository\net\bytebuddy\byte-buddy-agent\1.14.17\byte-buddy-agent-1.14.17.jar;C:\Users\santiago.lozanomurci\.m2\repository\org\objenesis\objenesis\3.3\objenesis-3.3.jar;C:\Users\santiago.lozanomurci\.m2\repository\org\mockito\mockito-junit-jupiter\5.11.0\mockito-junit-jupiter-5.11.0.jar;C:\Users\santiago.lozanomurci\.m2\repository\org\skyscreamer\jsonassert\1.5.1\jsonassert-1.5.1.jar;C:\Users\santiago.lozanomurci\.m2\repository\com\vaadin\external\google\android-json\0.0.20131108.vaadin1\android-json-0.0.20131108.vaadin1.jar;C:\Users\santiago.lozanomurci\.m2\repository\org\springframework\spring-core\6.1.10\spring-core-6.1.10.jar;C:\Users\santiago.lozanomurci\.m2\repository\org\springframework\spring-jcl\6.1.10\spring-jcl-6.1.10.jar;C:\Users\santiago.lozanomurci\.m2\repository\org\springframework\spring-test\6.1.10\spring-test-6.1.10.jar;C:\Users\santiago.lozanomurci\.m2\repository\org\xmlunit\xmlunit-core\2.9.1\xmlunit-core-2.9.1.jar;C:\Users\santiago.lozanomurci\.m2\repository\org\modelmapper\modelmapper\3.1.1\modelmapper-3.1.1.jar;C:\Users\santiago.lozanomurci\.m2\repository\org\mapstruct\mapstruct\1.5.3.Final\mapstruct-1.5.3.Final.jar;C:\Users\santiago.lozanomurci\.m2\repository\org\mapstruct\mapstruct-processor\1.5.3.Final\mapstruct-processor-1.5.3.Final.jar;"/>
    <property name="java.vm.vendor" value="Oracle Corporation"/>
    <property name="sun.arch.data.model" value="64"/>
    <property name="user.variant" value=""/>
    <property name="java.vendor.url" value="https://java.oracle.com/"/>
    <property name="user.timezone" value="America/Bogota"/>
    <property name="org.jboss.logging.provider" value="slf4j"/>
    <property name="os.name" value="Windows 11"/>
    <property name="java.vm.specification.version" value="17"/>
    <property name="sun.java.launcher" value="SUN_STANDARD"/>
    <property name="user.country" value="CO"/>
    <property name="sun.boot.library.path" value="C:\Program Files\Java\jdk-17\bin"/>
    <property name="sun.java.command" value="C:\Users\santiago.lozanomurci\AppData\Local\Temp\surefire17905389044465849451\surefirebooter-20240928002109580_3.jar C:\Users\santiago.lozanomurci\AppData\Local\Temp\surefire17905389044465849451 2024-09-28T00-21-09_365-jvmRun1 surefire-20240928002109580_1tmp surefire_0-20240928002109580_2tmp"/>
    <property name="jdk.debug" value="release"/>
    <property name="surefire.test.class.path" value="C:\SANTIAGO_LOZANO\TraningDev\TraningDev Project\td-bs-management-notification\target\test-classes;C:\SANTIAGO_LOZANO\TraningDev\TraningDev Project\td-bs-management-notification\target\classes;C:\Users\santiago.lozanomurci\.m2\repository\org\springframework\boot\spring-boot-starter-data-jpa\3.3.1\spring-boot-starter-data-jpa-3.3.1.jar;C:\Users\santiago.lozanomurci\.m2\repository\org\springframework\boot\spring-boot-starter-aop\3.3.1\spring-boot-starter-aop-3.3.1.jar;C:\Users\santiago.lozanomurci\.m2\repository\org\springframework\spring-aop\6.1.10\spring-aop-6.1.10.jar;C:\Users\santiago.lozanomurci\.m2\repository\org\aspectj\aspectjweaver\1.9.22\aspectjweaver-1.9.22.jar;C:\Users\santiago.lozanomurci\.m2\repository\org\springframework\boot\spring-boot-starter-jdbc\3.3.1\spring-boot-starter-jdbc-3.3.1.jar;C:\Users\santiago.lozanomurci\.m2\repository\com\zaxxer\HikariCP\5.1.0\HikariCP-5.1.0.jar;C:\Users\santiago.lozanomurci\.m2\repository\org\springframework\spring-jdbc\6.1.10\spring-jdbc-6.1.10.jar;C:\Users\santiago.lozanomurci\.m2\repository\org\hibernate\orm\hibernate-core\6.5.2.Final\hibernate-core-6.5.2.Final.jar;C:\Users\santiago.lozanomurci\.m2\repository\jakarta\persistence\jakarta.persistence-api\3.1.0\jakarta.persistence-api-3.1.0.jar;C:\Users\santiago.lozanomurci\.m2\repository\jakarta\transaction\jakarta.transaction-api\2.0.1\jakarta.transaction-api-2.0.1.jar;C:\Users\santiago.lozanomurci\.m2\repository\org\jboss\logging\jboss-logging\3.5.3.Final\jboss-logging-3.5.3.Final.jar;C:\Users\santiago.lozanomurci\.m2\repository\org\hibernate\common\hibernate-commons-annotations\6.0.6.Final\hibernate-commons-annotations-6.0.6.Final.jar;C:\Users\santiago.lozanomurci\.m2\repository\io\smallrye\jandex\3.1.2\jandex-3.1.2.jar;C:\Users\santiago.lozanomurci\.m2\repository\com\fasterxml\classmate\1.7.0\classmate-1.7.0.jar;C:\Users\santiago.lozanomurci\.m2\repository\net\bytebuddy\byte-buddy\1.14.17\byte-buddy-1.14.17.jar;C:\Users\santiago.lozanomurci\.m2\repository\org\glassfish\jaxb\jaxb-runtime\4.0.5\jaxb-runtime-4.0.5.jar;C:\Users\santiago.lozanomurci\.m2\repository\org\glassfish\jaxb\jaxb-core\4.0.5\jaxb-core-4.0.5.jar;C:\Users\santiago.lozanomurci\.m2\repository\org\eclipse\angus\angus-activation\2.0.2\angus-activation-2.0.2.jar;C:\Users\santiago.lozanomurci\.m2\repository\org\glassfish\jaxb\txw2\4.0.5\txw2-4.0.5.jar;C:\Users\santiago.lozanomurci\.m2\repository\com\sun\istack\istack-commons-runtime\4.1.2\istack-commons-runtime-4.1.2.jar;C:\Users\santiago.lozanomurci\.m2\repository\jakarta\inject\jakarta.inject-api\2.0.1\jakarta.inject-api-2.0.1.jar;C:\Users\santiago.lozanomurci\.m2\repository\org\antlr\antlr4-runtime\4.13.0\antlr4-runtime-4.13.0.jar;C:\Users\santiago.lozanomurci\.m2\repository\org\springframework\data\spring-data-jpa\3.3.1\spring-data-jpa-3.3.1.jar;C:\Users\santiago.lozanomurci\.m2\repository\org\springframework\data\spring-data-commons\3.3.1\spring-data-commons-3.3.1.jar;C:\Users\santiago.lozanomurci\.m2\repository\org\springframework\spring-orm\6.1.10\spring-orm-6.1.10.jar;C:\Users\santiago.lozanomurci\.m2\repository\org\springframework\spring-context\6.1.10\spring-context-6.1.10.jar;C:\Users\santiago.lozanomurci\.m2\repository\org\springframework\spring-tx\6.1.10\spring-tx-6.1.10.jar;C:\Users\santiago.lozanomurci\.m2\repository\org\springframework\spring-beans\6.1.10\spring-beans-6.1.10.jar;C:\Users\santiago.lozanomurci\.m2\repository\jakarta\annotation\jakarta.annotation-api\2.1.1\jakarta.annotation-api-2.1.1.jar;C:\Users\santiago.lozanomurci\.m2\repository\org\slf4j\slf4j-api\2.0.13\slf4j-api-2.0.13.jar;C:\Users\santiago.lozanomurci\.m2\repository\org\springframework\spring-aspects\6.1.10\spring-aspects-6.1.10.jar;C:\Users\santiago.lozanomurci\.m2\repository\org\springframework\boot\spring-boot-starter-validation\3.3.1\spring-boot-starter-validation-3.3.1.jar;C:\Users\santiago.lozanomurci\.m2\repository\org\springframework\boot\spring-boot-starter\3.3.1\spring-boot-starter-3.3.1.jar;C:\Users\santiago.lozanomurci\.m2\repository\org\springframework\boot\spring-boot\3.3.1\spring-boot-3.3.1.jar;C:\Users\santiago.lozanomurci\.m2\repository\org\springframework\boot\spring-boot-autoconfigure\3.3.1\spring-boot-autoconfigure-3.3.1.jar;C:\Users\santiago.lozanomurci\.m2\repository\org\springframework\boot\spring-boot-starter-logging\3.3.1\spring-boot-starter-logging-3.3.1.jar;C:\Users\santiago.lozanomurci\.m2\repository\ch\qos\logback\logback-classic\1.5.6\logback-classic-1.5.6.jar;C:\Users\santiago.lozanomurci\.m2\repository\ch\qos\logback\logback-core\1.5.6\logback-core-1.5.6.jar;C:\Users\santiago.lozanomurci\.m2\repository\org\apache\logging\log4j\log4j-to-slf4j\2.23.1\log4j-to-slf4j-2.23.1.jar;C:\Users\santiago.lozanomurci\.m2\repository\org\apache\logging\log4j\log4j-api\2.23.1\log4j-api-2.23.1.jar;C:\Users\santiago.lozanomurci\.m2\repository\org\slf4j\jul-to-slf4j\2.0.13\jul-to-slf4j-2.0.13.jar;C:\Users\santiago.lozanomurci\.m2\repository\org\yaml\snakeyaml\2.2\snakeyaml-2.2.jar;C:\Users\santiago.lozanomurci\.m2\repository\org\apache\tomcat\embed\tomcat-embed-el\10.1.25\tomcat-embed-el-10.1.25.jar;C:\Users\santiago.lozanomurci\.m2\repository\org\hibernate\validator\hibernate-validator\8.0.1.Final\hibernate-validator-8.0.1.Final.jar;C:\Users\santiago.lozanomurci\.m2\repository\jakarta\validation\jakarta.validation-api\3.0.2\jakarta.validation-api-3.0.2.jar;C:\Users\santiago.lozanomurci\.m2\repository\org\springframework\boot\spring-boot-starter-web\3.3.1\spring-boot-starter-web-3.3.1.jar;C:\Users\santiago.lozanomurci\.m2\repository\org\springframework\boot\spring-boot-starter-json\3.3.1\spring-boot-starter-json-3.3.1.jar;C:\Users\santiago.lozanomurci\.m2\repository\com\fasterxml\jackson\core\jackson-databind\2.17.1\jackson-databind-2.17.1.jar;C:\Users\santiago.lozanomurci\.m2\repository\com\fasterxml\jackson\core\jackson-annotations\2.17.1\jackson-annotations-2.17.1.jar;C:\Users\santiago.lozanomurci\.m2\repository\com\fasterxml\jackson\core\jackson-core\2.17.1\jackson-core-2.17.1.jar;C:\Users\santiago.lozanomurci\.m2\repository\com\fasterxml\jackson\datatype\jackson-datatype-jdk8\2.17.1\jackson-datatype-jdk8-2.17.1.jar;C:\Users\santiago.lozanomurci\.m2\repository\com\fasterxml\jackson\datatype\jackson-datatype-jsr310\2.17.1\jackson-datatype-jsr310-2.17.1.jar;C:\Users\santiago.lozanomurci\.m2\repository\com\fasterxml\jackson\module\jackson-module-parameter-names\2.17.1\jackson-module-parameter-names-2.17.1.jar;C:\Users\santiago.lozanomurci\.m2\repository\org\springframework\boot\spring-boot-starter-tomcat\3.3.1\spring-boot-starter-tomcat-3.3.1.jar;C:\Users\santiago.lozanomurci\.m2\repository\org\apache\tomcat\embed\tomcat-embed-core\10.1.25\tomcat-embed-core-10.1.25.jar;C:\Users\santiago.lozanomurci\.m2\repository\org\apache\tomcat\embed\tomcat-embed-websocket\10.1.25\tomcat-embed-websocket-10.1.25.jar;C:\Users\santiago.lozanomurci\.m2\repository\org\springframework\spring-web\6.1.10\spring-web-6.1.10.jar;C:\Users\santiago.lozanomurci\.m2\repository\io\micrometer\micrometer-observation\1.13.1\micrometer-observation-1.13.1.jar;C:\Users\santiago.lozanomurci\.m2\repository\io\micrometer\micrometer-commons\1.13.1\micrometer-commons-1.13.1.jar;C:\Users\santiago.lozanomurci\.m2\repository\org\springframework\spring-webmvc\6.1.10\spring-webmvc-6.1.10.jar;C:\Users\santiago.lozanomurci\.m2\repository\org\springframework\spring-expression\6.1.10\spring-expression-6.1.10.jar;C:\Users\santiago.lozanomurci\.m2\repository\com\h2database\h2\2.2.224\h2-2.2.224.jar;C:\Users\santiago.lozanomurci\.m2\repository\org\projectlombok\lombok\1.18.32\lombok-1.18.32.jar;C:\Users\santiago.lozanomurci\.m2\repository\org\springframework\boot\spring-boot-starter-test\3.3.1\spring-boot-starter-test-3.3.1.jar;C:\Users\santiago.lozanomurci\.m2\repository\org\springframework\boot\spring-boot-test\3.3.1\spring-boot-test-3.3.1.jar;C:\Users\santiago.lozanomurci\.m2\repository\org\springframework\boot\spring-boot-test-autoconfigure\3.3.1\spring-boot-test-autoconfigure-3.3.1.jar;C:\Users\santiago.lozanomurci\.m2\repository\com\jayway\jsonpath\json-path\2.9.0\json-path-2.9.0.jar;C:\Users\santiago.lozanomurci\.m2\repository\jakarta\xml\bind\jakarta.xml.bind-api\4.0.2\jakarta.xml.bind-api-4.0.2.jar;C:\Users\santiago.lozanomurci\.m2\repository\jakarta\activation\jakarta.activation-api\2.1.3\jakarta.activation-api-2.1.3.jar;C:\Users\santiago.lozanomurci\.m2\repository\net\minidev\json-smart\2.5.1\json-smart-2.5.1.jar;C:\Users\santiago.lozanomurci\.m2\repository\net\minidev\accessors-smart\2.5.1\accessors-smart-2.5.1.jar;C:\Users\santiago.lozanomurci\.m2\repository\org\ow2\asm\asm\9.6\asm-9.6.jar;C:\Users\santiago.lozanomurci\.m2\repository\org\assertj\assertj-core\3.25.3\assertj-core-3.25.3.jar;C:\Users\santiago.lozanomurci\.m2\repository\org\awaitility\awaitility\4.2.1\awaitility-4.2.1.jar;C:\Users\santiago.lozanomurci\.m2\repository\org\hamcrest\hamcrest\2.2\hamcrest-2.2.jar;C:\Users\santiago.lozanomurci\.m2\repository\org\junit\jupiter\junit-jupiter\5.10.2\junit-jupiter-5.10.2.jar;C:\Users\santiago.lozanomurci\.m2\repository\org\junit\jupiter\junit-jupiter-api\5.10.2\junit-jupiter-api-5.10.2.jar;C:\Users\santiago.lozanomurci\.m2\repository\org\opentest4j\opentest4j\1.3.0\opentest4j-1.3.0.jar;C:\Users\santiago.lozanomurci\.m2\repository\org\junit\platform\junit-platform-commons\1.10.2\junit-platform-commons-1.10.2.jar;C:\Users\santiago.lozanomurci\.m2\repository\org\apiguardian\apiguardian-api\1.1.2\apiguardian-api-1.1.2.jar;C:\Users\santiago.lozanomurci\.m2\repository\org\junit\jupiter\junit-jupiter-params\5.10.2\junit-jupiter-params-5.10.2.jar;C:\Users\santiago.lozanomurci\.m2\repository\org\junit\jupiter\junit-jupiter-engine\5.10.2\junit-jupiter-engine-5.10.2.jar;C:\Users\santiago.lozanomurci\.m2\repository\org\junit\platform\junit-platform-engine\1.10.2\junit-platform-engine-1.10.2.jar;C:\Users\santiago.lozanomurci\.m2\repository\org\mockito\mockito-core\5.11.0\mockito-core-5.11.0.jar;C:\Users\santiago.lozanomurci\.m2\repository\net\bytebuddy\byte-buddy-agent\1.14.17\byte-buddy-agent-1.14.17.jar;C:\Users\santiago.lozanomurci\.m2\repository\org\objenesis\objenesis\3.3\objenesis-3.3.jar;C:\Users\santiago.lozanomurci\.m2\repository\org\mockito\mockito-junit-jupiter\5.11.0\mockito-junit-jupiter-5.11.0.jar;C:\Users\santiago.lozanomurci\.m2\repository\org\skyscreamer\jsonassert\1.5.1\jsonassert-1.5.1.jar;C:\Users\santiago.lozanomurci\.m2\repository\com\vaadin\external\google\android-json\0.0.20131108.vaadin1\android-json-0.0.20131108.vaadin1.jar;C:\Users\santiago.lozanomurci\.m2\repository\org\springframework\spring-core\6.1.10\spring-core-6.1.10.jar;C:\Users\santiago.lozanomurci\.m2\repository\org\springframework\spring-jcl\6.1.10\spring-jcl-6.1.10.jar;C:\Users\santiago.lozanomurci\.m2\repository\org\springframework\spring-test\6.1.10\spring-test-6.1.10.jar;C:\Users\santiago.lozanomurci\.m2\repository\org\xmlunit\xmlunit-core\2.9.1\xmlunit-core-2.9.1.jar;C:\Users\santiago.lozanomurci\.m2\repository\org\modelmapper\modelmapper\3.1.1\modelmapper-3.1.1.jar;C:\Users\santiago.lozanomurci\.m2\repository\org\mapstruct\mapstruct\1.5.3.Final\mapstruct-1.5.3.Final.jar;C:\Users\santiago.lozanomurci\.m2\repository\org\mapstruct\mapstruct-processor\1.5.3.Final\mapstruct-processor-1.5.3.Final.jar;"/>
    <property name="sun.cpu.endian" value="little"/>
    <property name="user.home" value="C:\Users\santiago.lozanomurci"/>
    <property name="user.language" value="es"/>
    <property name="java.specification.vendor" value="Oracle Corporation"/>
    <property name="java.version.date" value="2024-04-16"/>
    <property name="java.home" value="C:\Program Files\Java\jdk-17"/>
    <property name="file.separator" value="\"/>
    <property name="basedir" value="C:\SANTIAGO_LOZANO\TraningDev\TraningDev Project\td-bs-management-notification"/>
    <property name="java.vm.compressedOopsMode" value="Zero based"/>
    <property name="line.separator" value="&#10;"/>
    <property name="java.vm.specification.vendor" value="Oracle Corporation"/>
    <property name="java.specification.name" value="Java Platform API Specification"/>
    <property name="FILE_LOG_CHARSET" value="windows-1252"/>
    <property name="java.awt.headless" value="true"/>
    <property name="surefire.real.class.path" value="C:\Users\santiago.lozanomurci\AppData\Local\Temp\surefire17905389044465849451\surefirebooter-20240928002109580_3.jar"/>
    <property name="user.script" value=""/>
    <property name="sun.management.compiler" value="HotSpot 64-Bit Tiered Compilers"/>
    <property name="java.runtime.version" value="17.0.11+7-LTS-207"/>
    <property name="user.name" value="santiago.lozanomurci"/>
    <property name="path.separator" value=";"/>
    <property name="os.version" value="10.0"/>
    <property name="java.runtime.name" value="Java(TM) SE Runtime Environment"/>
    <property name="file.encoding" value="Cp1252"/>
    <property name="java.vm.name" value="Java HotSpot(TM) 64-Bit Server VM"/>
    <property name="localRepository" value="C:\Users\santiago.lozanomurci\.m2\repository"/>
    <property name="java.vendor.url.bug" value="https://bugreport.java.com/bugreport/"/>
    <property name="java.io.tmpdir" value="C:\Users\SANTIA~1.LOZ\AppData\Local\Temp\"/>
    <property name="com.zaxxer.hikari.pool_number" value="1"/>
    <property name="java.version" value="17.0.11"/>
    <property name="user.dir" value="C:\SANTIAGO_LOZANO\TraningDev\TraningDev Project\td-bs-management-notification"/>
    <property name="os.arch" value="amd64"/>
    <property name="java.vm.specification.name" value="Java Virtual Machine Specification"/>
    <property name="PID" value="23856"/>
    <property name="sun.os.patch.level" value=""/>
    <property name="CONSOLE_LOG_CHARSET" value="windows-1252"/>
    <property name="native.encoding" value="Cp1252"/>
    <property name="java.library.path" value="C:\Program Files\Java\jdk-17\bin;C:\windows\Sun\Java\bin;C:\windows\system32;C:\windows;C:\Program Files\Fortify\Fortify_SCA_and_Apps_22.2.2\bin;C:\windows\system32;C:\windows;C:\windows\System32\Wbem;C:\windows\System32\WindowsPowerShell\v1.0\;C:\windows\System32\OpenSSH\;C:\Program Files (x86)\Pulse Secure\VC142.CRT\X64\;C:\Program Files (x86)\Pulse Secure\VC142.CRT\X86\;C:\Program Files (x86)\Common Files\Pulse Secure\TNC Client Plugin\;C:\Program Files (x86)\IBM\Personal Communications\;C:\Program Files (x86)\IBM\Trace Facility\;C:\Program Files\Java\jdk-17\bin;C:\maven\apache-maven-3.9.8\bin;C:\gradle\gradle-8.8\bin;C:\Program Files\Git\cmd;C:\Program Files (x86)\Microsoft SQL Server\160\DTS\Binn\;C:\Users\santiago.lozanomurci\AppData\Local\Microsoft\WindowsApps;;C:\Program Files\mitmproxy\bin;."/>
    <property name="java.vm.info" value="mixed mode, sharing"/>
    <property name="java.vendor" value="Oracle Corporation"/>
    <property name="java.vm.version" value="17.0.11+7-LTS-207"/>
    <property name="sun.io.unicode.encoding" value="UnicodeLittle"/>
    <property name="java.class.version" value="61.0"/>
  </properties>
  <testcase name="contextLoads" classname="com.trainingdev.td_bs_management_notification.TdBsManagementNotificationApplicationTests" time="0.003">
    <system-out><![CDATA[2024-09-28T00:21:20.595-05:00  INFO 23856 --- [           main] t.c.s.AnnotationConfigContextLoaderUtils : Could not detect default configuration classes for test class [com.trainingdev.td_bs_management_notification.TdBsManagementNotificationApplicationTests]: TdBsManagementNotificationApplicationTests does not declare any static, non-private, non-final, nested classes annotated with @Configuration.
2024-09-28T00:21:20.607-05:00  INFO 23856 --- [           main] .b.t.c.SpringBootTestContextBootstrapper : Found @SpringBootConfiguration com.trainingdev.td_bs_management_notification.TdBsManagementNotificationApplication for test class com.trainingdev.td_bs_management_notification.TdBsManagementNotificationApplicationTests
]]></system-out>
  </testcase>
</testsuite>